# JRE version: OpenJDK Runtime Environment (7.0_65-b32) (build 1.7.0_65-b32)
# Java VM: OpenJDK Server VM (24.65-b04 mixed mode linux-x86 )
Heap
 PSYoungGen      total 18432K, used 13784K [0x9e880000, 0x9fd00000, 0xb2f40000)
  eden space 15872K, 70% used [0x9e880000,0x9f376800,0x9f800000)
  from space 2560K, 99% used [0x9fa80000,0x9fcffad8,0x9fd00000)
  to   space 2560K, 0% used [0x9f800000,0x9f800000,0x9fa80000)
 ParOldGen       total 41728K, used 2340K [0x75b40000, 0x78400000, 0x9e880000)
  object space 41728K, 5% used [0x75b40000,0x75d89238,0x78400000)
 PSPermGen       total 16384K, used 13043K [0x6db40000, 0x6eb40000, 0x75b40000)
  object space 16384K, 79% used [0x6db40000,0x6e7fcf98,0x6eb40000)
GC Heap History (4 events):
Event: 2.387 GC heap before
{Heap before GC invocations=1 (full 0):
 PSYoungGen      total 18432K, used 15872K [0x9e880000, 0x9fd00000, 0xb2f40000)
  eden space 15872K, 100% used [0x9e880000,0x9f800000,0x9f800000)
  from space 2560K, 0% used [0x9fa80000,0x9fa80000,0x9fd00000)
  to   space 2560K, 0% used [0x9f800000,0x9f800000,0x9fa80000)
 ParOldGen       total 41728K, used 0K [0x75b40000, 0x78400000, 0x9e880000)
  object space 41728K, 0% used [0x75b40000,0x75b40000,0x78400000)
 PSPermGen       total 16384K, used 7158K [0x6db40000, 0x6eb40000, 0x75b40000)
  object space 16384K, 43% used [0x6db40000,0x6e23da08,0x6eb40000)
Event: 2.392 GC heap after
Heap after GC invocations=1 (full 0):
 PSYoungGen      total 18432K, used 2551K [0x9e880000, 0x9fd00000, 0xb2f40000)
  eden space 15872K, 0% used [0x9e880000,0x9e880000,0x9f800000)
  from space 2560K, 99% used [0x9f800000,0x9fa7dc68,0x9fa80000)
  to   space 2560K, 0% used [0x9fa80000,0x9fa80000,0x9fd00000)
 ParOldGen       total 41728K, used 736K [0x75b40000, 0x78400000, 0x9e880000)
  object space 41728K, 1% used [0x75b40000,0x75bf81b8,0x78400000)
 PSPermGen       total 16384K, used 7158K [0x6db40000, 0x6eb40000, 0x75b40000)
  object space 16384K, 43% used [0x6db40000,0x6e23da08,0x6eb40000)
}
Event: 3.868 GC heap before
{Heap before GC invocations=2 (full 0):
 PSYoungGen      total 18432K, used 18423K [0x9e880000, 0x9fd00000, 0xb2f40000)
  eden space 15872K, 100% used [0x9e880000,0x9f800000,0x9f800000)
  from space 2560K, 99% used [0x9f800000,0x9fa7dc68,0x9fa80000)
  to   space 2560K, 0% used [0x9fa80000,0x9fa80000,0x9fd00000)
 ParOldGen       total 41728K, used 736K [0x75b40000, 0x78400000, 0x9e880000)
  object space 41728K, 1% used [0x75b40000,0x75bf81b8,0x78400000)
 PSPermGen       total 16384K, used 10462K [0x6db40000, 0x6eb40000, 0x75b40000)
  object space 16384K, 63% used [0x6db40000,0x6e577ba8,0x6eb40000)
Event: 3.877 GC heap after
Heap after GC invocations=2 (full 0):
 PSYoungGen      total 18432K, used 2558K [0x9e880000, 0x9fd00000, 0xb2f40000)
  eden space 15872K, 0% used [0x9e880000,0x9e880000,0x9f800000)
  from space 2560K, 99% used [0x9fa80000,0x9fcffad8,0x9fd00000)
  to   space 2560K, 0% used [0x9f800000,0x9f800000,0x9fa80000)
 ParOldGen       total 41728K, used 2340K [0x75b40000, 0x78400000, 0x9e880000)
  object space 41728K, 5% used [0x75b40000,0x75d89238,0x78400000)
 PSPermGen       total 16384K, used 10462K [0x6db40000, 0x6eb40000, 0x75b40000)
  object space 16384K, 63% used [0x6db40000,0x6e577ba8,0x6eb40000)
}

